[23:48:34] [Server thread/INFO]: Starting minecraft server version 1.12.2
[23:48:34] [Server thread/INFO]: Loading properties
[23:48:34] [Server thread/INFO]: Default game type: SURVIVAL
[23:48:34] [Server thread/INFO]: Generating keypair
[23:48:35] [Server thread/INFO]: Starting Minecraft server on *:57180
[23:48:35] [Server thread/INFO]: Using default channel type
[23:48:35] [Server thread/INFO]: Preparing level "Untitled World"
[23:48:35] [Server thread/INFO]: Loaded 488 advancements
[23:48:35] [Server thread/INFO]: Preparing start region for level 0
[23:48:36] [Server thread/INFO]: Preparing spawn area: 10%
[23:48:37] [Server thread/INFO]: Preparing spawn area: 26%
[23:48:38] [Server thread/INFO]: Preparing spawn area: 43%
[23:48:39] [Server thread/INFO]: Preparing spawn area: 62%
[23:48:40] [Server thread/INFO]: Preparing spawn area: 83%
[23:48:41] [Server thread/INFO]: Done (6.125s)! For help, type "help" or "?"
[23:48:41] [Server thread/INFO]: Stopping the server
[23:48:41] [Server thread/INFO]: Stopping server
[23:48:41] [Server thread/INFO]: Saving players
[23:48:41] [Server thread/INFO]: Saving worlds
[23:48:41] [Server thread/INFO]: Saving chunks for level 'Untitled World'/overworld
[23:48:43] [Server thread/INFO]: Saving chunks for level 'Untitled World'/the_nether
[23:48:43] [Server thread/INFO]: Saving chunks for level 'Untitled World'/the_end
[23:48:43] [Server Shutdown Thread/INFO]: Stopping server
[23:48:43] [Server Shutdown Thread/INFO]: Saving players
