[21:44:26] [Server thread/INFO]: Starting minecraft server version 1.12.2
[21:44:26] [Server thread/INFO]: Loading properties
[21:44:26] [Server thread/INFO]: Default game type: SURVIVAL
[21:44:26] [Server thread/INFO]: Generating keypair
[21:44:26] [Server thread/INFO]: Starting Minecraft server on *:62474
[21:44:26] [Server thread/INFO]: Using default channel type
[21:44:27] [Server thread/INFO]: Preparing level "DefaultWorld1"
[21:44:27] [Server thread/INFO]: Loaded 488 advancements
[21:44:27] [Server thread/INFO]: Preparing start region for level 0
[21:44:28] [Server thread/INFO]: Preparing spawn area: 9%
[21:44:29] [Server thread/INFO]: Preparing spawn area: 24%
[21:44:30] [Server thread/INFO]: Preparing spawn area: 41%
[21:44:31] [Server thread/INFO]: Preparing spawn area: 61%
[21:44:32] [Server thread/INFO]: Preparing spawn area: 84%
[21:44:33] [Server thread/INFO]: Done (5.950s)! For help, type "help" or "?"
[21:44:33] [Server thread/INFO]: Stopping the server
[21:44:33] [Server thread/INFO]: Stopping server
[21:44:33] [Server thread/INFO]: Saving players
[21:44:33] [Server thread/INFO]: Saving worlds
[21:44:33] [Server thread/INFO]: Saving chunks for level 'DefaultWorld1'/overworld
[21:44:34] [Server thread/INFO]: Saving chunks for level 'DefaultWorld1'/the_nether
[21:44:34] [Server thread/INFO]: Saving chunks for level 'DefaultWorld1'/the_end
[21:44:35] [Server Shutdown Thread/INFO]: Stopping server
[21:44:35] [Server Shutdown Thread/INFO]: Saving players
