[23:40:59] [Server thread/INFO]: Starting minecraft server version 1.12.2
[23:40:59] [Server thread/INFO]: Loading properties
[23:40:59] [Server thread/INFO]: Default game type: SURVIVAL
[23:40:59] [Server thread/INFO]: Generating keypair
[23:40:59] [Server thread/INFO]: Starting Minecraft server on *:54661
[23:40:59] [Server thread/INFO]: Using default channel type
[23:40:59] [Server thread/INFO]: Preparing level "Untitled World"
[23:41:00] [Server thread/INFO]: Loaded 488 advancements
[23:41:00] [Server thread/INFO]: Preparing start region for level 0
[23:41:01] [Server thread/INFO]: Preparing spawn area: 15%
[23:41:02] [Server thread/INFO]: Preparing spawn area: 38%
[23:41:03] [Server thread/INFO]: Preparing spawn area: 65%
[23:41:04] [Server thread/INFO]: Preparing spawn area: 92%
[23:41:04] [Server thread/INFO]: Done (4.477s)! For help, type "help" or "?"
[23:41:04] [Server thread/INFO]: Stopping the server
[23:41:04] [Server thread/INFO]: Stopping server
[23:41:04] [Server thread/INFO]: Saving players
[23:41:04] [Server thread/INFO]: Saving worlds
[23:41:04] [Server thread/INFO]: Saving chunks for level 'Untitled World'/overworld
[23:41:05] [Server thread/INFO]: Saving chunks for level 'Untitled World'/the_nether
[23:41:05] [Server thread/INFO]: Saving chunks for level 'Untitled World'/the_end
[23:41:05] [Server Shutdown Thread/INFO]: Stopping server
